<?xml version="1.0" encoding="utf-8"?><testsuites><testsuite errors="0" failures="0" hostname="bibigrid-master-a03dq6bxtywtbq0" name="pytest" skipped="0" tests="0" time="0.074" timestamp="2021-04-09T18:24:57.275167" /></testsuites>