<?xml version="1.0" encoding="utf-8"?><testsuites><testsuite errors="0" failures="0" hostname="bibigrid-master-a03dq6bxtywtbq0" name="pytest" skipped="0" tests="0" time="0.067" timestamp="2022-01-17T13:30:40.147822" /></testsuites>