<?xml version="1.0" encoding="utf-8"?><testsuites><testsuite name="pytest" errors="0" failures="0" skipped="0" tests="0" time="0.099" timestamp="2022-04-09T20:45:47.921328" hostname="bibigrid-master-a03dq6bxtywtbq0" /></testsuites>